2020-02-23 00:07:55.637624: I tensorflow/core/platform/cpu_feature_guard.cc:141] Your CPU supports instructions that this TensorFlow binary was not compiled to use: SSE4.1 SSE4.2 AVX AVX2 FMA
2020-02-23 00:07:55.649817: I tensorflow/core/platform/cpu_feature_guard.cc:141] Your CPU supports instructions that this TensorFlow binary was not compiled to use: SSE4.1 SSE4.2 AVX AVX2 FMA
2020-02-23 00:07:55.678623: I tensorflow/core/platform/cpu_feature_guard.cc:141] Your CPU supports instructions that this TensorFlow binary was not compiled to use: SSE4.1 SSE4.2 AVX AVX2 FMA
2020-02-23 00:07:55.696586: I tensorflow/core/platform/cpu_feature_guard.cc:141] Your CPU supports instructions that this TensorFlow binary was not compiled to use: SSE4.1 SSE4.2 AVX AVX2 FMA
2020-02-23 00:07:56.028763: I tensorflow/core/common_runtime/gpu/gpu_device.cc:1432] Found device 0 with properties: 
name: GeForce GTX 1080 Ti major: 6 minor: 1 memoryClockRate(GHz): 1.6325
pciBusID: 0000:81:00.0
totalMemory: 10.91GiB freeMemory: 10.16GiB
2020-02-23 00:07:56.028827: I tensorflow/core/common_runtime/gpu/gpu_device.cc:1432] Found device 0 with properties: 
name: GeForce GTX 1080 Ti major: 6 minor: 1 memoryClockRate(GHz): 1.6325
pciBusID: 0000:81:00.0
totalMemory: 10.91GiB freeMemory: 10.16GiB
2020-02-23 00:07:56.028877: I tensorflow/core/common_runtime/gpu/gpu_device.cc:1511] Adding visible gpu devices: 0
2020-02-23 00:07:56.028896: I tensorflow/core/common_runtime/gpu/gpu_device.cc:1511] Adding visible gpu devices: 0
2020-02-23 00:07:56.028922: I tensorflow/core/common_runtime/gpu/gpu_device.cc:1432] Found device 0 with properties: 
name: GeForce GTX 1080 Ti major: 6 minor: 1 memoryClockRate(GHz): 1.6325
pciBusID: 0000:81:00.0
totalMemory: 10.91GiB freeMemory: 10.16GiB
2020-02-23 00:07:56.029020: I tensorflow/core/common_runtime/gpu/gpu_device.cc:1511] Adding visible gpu devices: 0
2020-02-23 00:07:56.045213: I tensorflow/core/common_runtime/gpu/gpu_device.cc:1432] Found device 0 with properties: 
name: GeForce GTX 1080 Ti major: 6 minor: 1 memoryClockRate(GHz): 1.6325
pciBusID: 0000:81:00.0
totalMemory: 10.91GiB freeMemory: 10.06GiB
2020-02-23 00:07:56.045296: I tensorflow/core/common_runtime/gpu/gpu_device.cc:1511] Adding visible gpu devices: 0
2020-02-23 00:07:56.488555: I tensorflow/core/common_runtime/gpu/gpu_device.cc:982] Device interconnect StreamExecutor with strength 1 edge matrix:
2020-02-23 00:07:56.488637: I tensorflow/core/common_runtime/gpu/gpu_device.cc:988]      0 
2020-02-23 00:07:56.488650: I tensorflow/core/common_runtime/gpu/gpu_device.cc:1001] 0:   N 
2020-02-23 00:07:56.488773: I tensorflow/core/common_runtime/gpu/gpu_device.cc:1115] Created TensorFlow device (/job:localhost/replica:0/task:0/device:GPU:0 with 9578 MB memory) -> physical GPU (device: 0, name: GeForce GTX 1080 Ti, pci bus id: 0000:81:00.0, compute capability: 6.1)
2020-02-23 00:07:56.559494: I tensorflow/core/common_runtime/gpu/gpu_device.cc:982] Device interconnect StreamExecutor with strength 1 edge matrix:
2020-02-23 00:07:56.559587: I tensorflow/core/common_runtime/gpu/gpu_device.cc:988]      0 
2020-02-23 00:07:56.559600: I tensorflow/core/common_runtime/gpu/gpu_device.cc:1001] 0:   N 
2020-02-23 00:07:56.559709: I tensorflow/core/common_runtime/gpu/gpu_device.cc:1115] Created TensorFlow device (/job:localhost/replica:0/task:0/device:GPU:0 with 9547 MB memory) -> physical GPU (device: 0, name: GeForce GTX 1080 Ti, pci bus id: 0000:81:00.0, compute capability: 6.1)
2020-02-23 00:07:56.573903: I tensorflow/core/common_runtime/gpu/gpu_device.cc:982] Device interconnect StreamExecutor with strength 1 edge matrix:
2020-02-23 00:07:56.573987: I tensorflow/core/common_runtime/gpu/gpu_device.cc:988]      0 
2020-02-23 00:07:56.574004: I tensorflow/core/common_runtime/gpu/gpu_device.cc:1001] 0:   N 
2020-02-23 00:07:56.574152: I tensorflow/core/common_runtime/gpu/gpu_device.cc:1115] Created TensorFlow device (/job:localhost/replica:0/task:0/device:GPU:0 with 9545 MB memory) -> physical GPU (device: 0, name: GeForce GTX 1080 Ti, pci bus id: 0000:81:00.0, compute capability: 6.1)
2020-02-23 00:07:56.600807: I tensorflow/core/common_runtime/gpu/gpu_device.cc:982] Device interconnect StreamExecutor with strength 1 edge matrix:
2020-02-23 00:07:56.600880: I tensorflow/core/common_runtime/gpu/gpu_device.cc:988]      0 
2020-02-23 00:07:56.600894: I tensorflow/core/common_runtime/gpu/gpu_device.cc:1001] 0:   N 
2020-02-23 00:07:56.600995: I tensorflow/core/common_runtime/gpu/gpu_device.cc:1115] Created TensorFlow device (/job:localhost/replica:0/task:0/device:GPU:0 with 9541 MB memory) -> physical GPU (device: 0, name: GeForce GTX 1080 Ti, pci bus id: 0000:81:00.0, compute capability: 6.1)
/usr/local/anaconda3/lib/python3.6/site-packages/h5py/__init__.py:34: FutureWarning: Conversion of the second argument of issubdtype from `float` to `np.floating` is deprecated. In future, it will be treated as `np.float64 == np.dtype(float).type`.
  from ._conv import register_converters as _register_converters
Using TensorFlow backend.
WARNING:tornado.access:404 GET /models/2.png (127.0.0.1) 1.33ms
WARNING:tornado.access:404 GET /models/2.png (127.0.0.1) 0.76ms
WARNING:tornado.access:404 GET /path=2.png (127.0.0.1) 0.75ms
WARNING:tornado.access:404 GET /?path=2.png (127.0.0.1) 0.99ms
2020-02-23 08:06:52.011111: I tensorflow/core/platform/cpu_feature_guard.cc:141] Your CPU supports instructions that this TensorFlow binary was not compiled to use: SSE4.1 SSE4.2 AVX AVX2 FMA
2020-02-23 08:06:52.019913: I tensorflow/core/platform/cpu_feature_guard.cc:141] Your CPU supports instructions that this TensorFlow binary was not compiled to use: SSE4.1 SSE4.2 AVX AVX2 FMA
2020-02-23 08:06:52.041598: I tensorflow/core/platform/cpu_feature_guard.cc:141] Your CPU supports instructions that this TensorFlow binary was not compiled to use: SSE4.1 SSE4.2 AVX AVX2 FMA
2020-02-23 08:06:52.063355: I tensorflow/core/platform/cpu_feature_guard.cc:141] Your CPU supports instructions that this TensorFlow binary was not compiled to use: SSE4.1 SSE4.2 AVX AVX2 FMA
2020-02-23 08:06:52.474130: I tensorflow/core/common_runtime/gpu/gpu_device.cc:1432] Found device 0 with properties: 
name: GeForce GTX 1080 Ti major: 6 minor: 1 memoryClockRate(GHz): 1.6325
pciBusID: 0000:81:00.0
totalMemory: 10.91GiB freeMemory: 10.36GiB
2020-02-23 08:06:52.474258: I tensorflow/core/common_runtime/gpu/gpu_device.cc:1511] Adding visible gpu devices: 0
2020-02-23 08:06:52.480461: I tensorflow/core/common_runtime/gpu/gpu_device.cc:1432] Found device 0 with properties: 
name: GeForce GTX 1080 Ti major: 6 minor: 1 memoryClockRate(GHz): 1.6325
pciBusID: 0000:81:00.0
totalMemory: 10.91GiB freeMemory: 10.16GiB
2020-02-23 08:06:52.480526: I tensorflow/core/common_runtime/gpu/gpu_device.cc:1511] Adding visible gpu devices: 0
2020-02-23 08:06:52.482229: I tensorflow/core/common_runtime/gpu/gpu_device.cc:1432] Found device 0 with properties: 
name: GeForce GTX 1080 Ti major: 6 minor: 1 memoryClockRate(GHz): 1.6325
pciBusID: 0000:81:00.0
totalMemory: 10.91GiB freeMemory: 10.06GiB
2020-02-23 08:06:52.482304: I tensorflow/core/common_runtime/gpu/gpu_device.cc:1511] Adding visible gpu devices: 0
2020-02-23 08:06:52.483520: I tensorflow/core/common_runtime/gpu/gpu_device.cc:1432] Found device 0 with properties: 
name: GeForce GTX 1080 Ti major: 6 minor: 1 memoryClockRate(GHz): 1.6325
pciBusID: 0000:81:00.0
totalMemory: 10.91GiB freeMemory: 10.06GiB
2020-02-23 08:06:52.483565: I tensorflow/core/common_runtime/gpu/gpu_device.cc:1511] Adding visible gpu devices: 0
2020-02-23 08:06:52.954642: I tensorflow/core/common_runtime/gpu/gpu_device.cc:982] Device interconnect StreamExecutor with strength 1 edge matrix:
2020-02-23 08:06:52.954706: I tensorflow/core/common_runtime/gpu/gpu_device.cc:988]      0 
2020-02-23 08:06:52.954719: I tensorflow/core/common_runtime/gpu/gpu_device.cc:1001] 0:   N 
2020-02-23 08:06:52.954938: I tensorflow/core/common_runtime/gpu/gpu_device.cc:1115] Created TensorFlow device (/job:localhost/replica:0/task:0/device:GPU:0 with 1117 MB memory) -> physical GPU (device: 0, name: GeForce GTX 1080 Ti, pci bus id: 0000:81:00.0, compute capability: 6.1)
2020-02-23 08:06:53.011707: I tensorflow/core/common_runtime/gpu/gpu_device.cc:982] Device interconnect StreamExecutor with strength 1 edge matrix:
2020-02-23 08:06:53.011816: I tensorflow/core/common_runtime/gpu/gpu_device.cc:988]      0 
2020-02-23 08:06:53.011830: I tensorflow/core/common_runtime/gpu/gpu_device.cc:1001] 0:   N 
2020-02-23 08:06:53.011951: I tensorflow/core/common_runtime/gpu/gpu_device.cc:1115] Created TensorFlow device (/job:localhost/replica:0/task:0/device:GPU:0 with 1117 MB memory) -> physical GPU (device: 0, name: GeForce GTX 1080 Ti, pci bus id: 0000:81:00.0, compute capability: 6.1)
2020-02-23 08:06:53.012831: I tensorflow/core/common_runtime/gpu/gpu_device.cc:982] Device interconnect StreamExecutor with strength 1 edge matrix:
2020-02-23 08:06:53.012871: I tensorflow/core/common_runtime/gpu/gpu_device.cc:988]      0 
2020-02-23 08:06:53.012885: I tensorflow/core/common_runtime/gpu/gpu_device.cc:1001] 0:   N 
2020-02-23 08:06:53.013006: I tensorflow/core/common_runtime/gpu/gpu_device.cc:1115] Created TensorFlow device (/job:localhost/replica:0/task:0/device:GPU:0 with 1117 MB memory) -> physical GPU (device: 0, name: GeForce GTX 1080 Ti, pci bus id: 0000:81:00.0, compute capability: 6.1)
2020-02-23 08:06:53.031058: I tensorflow/core/common_runtime/gpu/gpu_device.cc:982] Device interconnect StreamExecutor with strength 1 edge matrix:
2020-02-23 08:06:53.031129: I tensorflow/core/common_runtime/gpu/gpu_device.cc:988]      0 
2020-02-23 08:06:53.031143: I tensorflow/core/common_runtime/gpu/gpu_device.cc:1001] 0:   N 
2020-02-23 08:06:53.031285: I tensorflow/core/common_runtime/gpu/gpu_device.cc:1115] Created TensorFlow device (/job:localhost/replica:0/task:0/device:GPU:0 with 1117 MB memory) -> physical GPU (device: 0, name: GeForce GTX 1080 Ti, pci bus id: 0000:81:00.0, compute capability: 6.1)
/usr/local/anaconda3/lib/python3.6/site-packages/h5py/__init__.py:34: FutureWarning: Conversion of the second argument of issubdtype from `float` to `np.floating` is deprecated. In future, it will be treated as `np.float64 == np.dtype(float).type`.
  from ._conv import register_converters as _register_converters
Using TensorFlow backend.
WARNING:tornado.access:404 GET /yolo/?path=2.png (127.0.0.1) 1.09ms
/usr/local/anaconda3/lib/python3.6/site-packages/h5py/__init__.py:34: FutureWarning: Conversion of the second argument of issubdtype from `float` to `np.floating` is deprecated. In future, it will be treated as `np.float64 == np.dtype(float).type`.
  from ._conv import register_converters as _register_converters
Using TensorFlow backend.
WARNING:tornado.access:404 GET /yolo/?path=2.png (127.0.0.1) 1.27ms
2020-02-23 08:12:41.774239: W tensorflow/core/common_runtime/bfc_allocator.cc:211] Allocator (GPU_0_bfc) ran out of memory trying to allocate 1.02GiB. The caller indicates that this is not a failure, but may mean that there could be performance gains if more memory were available.
2020-02-23 08:12:41.793772: W tensorflow/core/common_runtime/bfc_allocator.cc:211] Allocator (GPU_0_bfc) ran out of memory trying to allocate 1.02GiB. The caller indicates that this is not a failure, but may mean that there could be performance gains if more memory were available.
2020-02-23 08:12:41.810837: W tensorflow/core/common_runtime/bfc_allocator.cc:211] Allocator (GPU_0_bfc) ran out of memory trying to allocate 1.04GiB. The caller indicates that this is not a failure, but may mean that there could be performance gains if more memory were available.
2020-02-23 08:12:41.830994: W tensorflow/core/common_runtime/bfc_allocator.cc:211] Allocator (GPU_0_bfc) ran out of memory trying to allocate 1.07GiB. The caller indicates that this is not a failure, but may mean that there could be performance gains if more memory were available.
2020-02-23 08:12:41.842383: W tensorflow/core/common_runtime/bfc_allocator.cc:211] Allocator (GPU_0_bfc) ran out of memory trying to allocate 2.13GiB. The caller indicates that this is not a failure, but may mean that there could be performance gains if more memory were available.
2020-02-23 08:12:41.845574: W tensorflow/core/common_runtime/bfc_allocator.cc:211] Allocator (GPU_0_bfc) ran out of memory trying to allocate 1.14GiB. The caller indicates that this is not a failure, but may mean that there could be performance gains if more memory were available.
2020-02-23 08:12:41.846013: W tensorflow/core/common_runtime/bfc_allocator.cc:211] Allocator (GPU_0_bfc) ran out of memory trying to allocate 2.13GiB. The caller indicates that this is not a failure, but may mean that there could be performance gains if more memory were available.
2020-02-23 08:13:04.005900: W tensorflow/core/common_runtime/bfc_allocator.cc:211] Allocator (GPU_0_bfc) ran out of memory trying to allocate 1.02GiB. The caller indicates that this is not a failure, but may mean that there could be performance gains if more memory were available.
2020-02-23 08:13:04.025333: W tensorflow/core/common_runtime/bfc_allocator.cc:211] Allocator (GPU_0_bfc) ran out of memory trying to allocate 1.02GiB. The caller indicates that this is not a failure, but may mean that there could be performance gains if more memory were available.
2020-02-23 08:13:04.042462: W tensorflow/core/common_runtime/bfc_allocator.cc:211] Allocator (GPU_0_bfc) ran out of memory trying to allocate 1.04GiB. The caller indicates that this is not a failure, but may mean that there could be performance gains if more memory were available.
2020-02-23 08:13:04.062651: W tensorflow/core/common_runtime/bfc_allocator.cc:211] Allocator (GPU_0_bfc) ran out of memory trying to allocate 1.07GiB. The caller indicates that this is not a failure, but may mean that there could be performance gains if more memory were available.
2020-02-23 08:13:04.074050: W tensorflow/core/common_runtime/bfc_allocator.cc:211] Allocator (GPU_0_bfc) ran out of memory trying to allocate 2.13GiB. The caller indicates that this is not a failure, but may mean that there could be performance gains if more memory were available.
2020-02-23 08:13:04.077284: W tensorflow/core/common_runtime/bfc_allocator.cc:211] Allocator (GPU_0_bfc) ran out of memory trying to allocate 1.14GiB. The caller indicates that this is not a failure, but may mean that there could be performance gains if more memory were available.
2020-02-23 08:13:04.077725: W tensorflow/core/common_runtime/bfc_allocator.cc:211] Allocator (GPU_0_bfc) ran out of memory trying to allocate 2.13GiB. The caller indicates that this is not a failure, but may mean that there could be performance gains if more memory were available.
2020-02-23 08:23:26.173458: I tensorflow/core/platform/cpu_feature_guard.cc:141] Your CPU supports instructions that this TensorFlow binary was not compiled to use: SSE4.1 SSE4.2 AVX AVX2 FMA
2020-02-23 08:23:26.185479: I tensorflow/core/platform/cpu_feature_guard.cc:141] Your CPU supports instructions that this TensorFlow binary was not compiled to use: SSE4.1 SSE4.2 AVX AVX2 FMA
2020-02-23 08:23:26.246775: I tensorflow/core/platform/cpu_feature_guard.cc:141] Your CPU supports instructions that this TensorFlow binary was not compiled to use: SSE4.1 SSE4.2 AVX AVX2 FMA
2020-02-23 08:23:26.248020: I tensorflow/core/platform/cpu_feature_guard.cc:141] Your CPU supports instructions that this TensorFlow binary was not compiled to use: SSE4.1 SSE4.2 AVX AVX2 FMA
2020-02-23 08:23:26.668721: I tensorflow/core/common_runtime/gpu/gpu_device.cc:1432] Found device 0 with properties: 
name: GeForce GTX 1080 Ti major: 6 minor: 1 memoryClockRate(GHz): 1.6325
pciBusID: 0000:81:00.0
totalMemory: 10.91GiB freeMemory: 10.39GiB
2020-02-23 08:23:26.668813: I tensorflow/core/common_runtime/gpu/gpu_device.cc:1511] Adding visible gpu devices: 0
2020-02-23 08:23:26.671935: I tensorflow/core/common_runtime/gpu/gpu_device.cc:1432] Found device 0 with properties: 
name: GeForce GTX 1080 Ti major: 6 minor: 1 memoryClockRate(GHz): 1.6325
pciBusID: 0000:81:00.0
totalMemory: 10.91GiB freeMemory: 10.28GiB
2020-02-23 08:23:26.672015: I tensorflow/core/common_runtime/gpu/gpu_device.cc:1511] Adding visible gpu devices: 0
2020-02-23 08:23:26.693985: I tensorflow/core/common_runtime/gpu/gpu_device.cc:1432] Found device 0 with properties: 
name: GeForce GTX 1080 Ti major: 6 minor: 1 memoryClockRate(GHz): 1.6325
pciBusID: 0000:81:00.0
totalMemory: 10.91GiB freeMemory: 10.05GiB
2020-02-23 08:23:26.694079: I tensorflow/core/common_runtime/gpu/gpu_device.cc:1511] Adding visible gpu devices: 0
2020-02-23 08:23:26.695521: I tensorflow/core/common_runtime/gpu/gpu_device.cc:1432] Found device 0 with properties: 
name: GeForce GTX 1080 Ti major: 6 minor: 1 memoryClockRate(GHz): 1.6325
pciBusID: 0000:81:00.0
totalMemory: 10.91GiB freeMemory: 10.05GiB
2020-02-23 08:23:26.695593: I tensorflow/core/common_runtime/gpu/gpu_device.cc:1511] Adding visible gpu devices: 0
2020-02-23 08:23:27.196178: I tensorflow/core/common_runtime/gpu/gpu_device.cc:982] Device interconnect StreamExecutor with strength 1 edge matrix:
2020-02-23 08:23:27.196270: I tensorflow/core/common_runtime/gpu/gpu_device.cc:988]      0 
2020-02-23 08:23:27.196283: I tensorflow/core/common_runtime/gpu/gpu_device.cc:1001] 0:   N 
2020-02-23 08:23:27.196431: I tensorflow/core/common_runtime/gpu/gpu_device.cc:1115] Created TensorFlow device (/job:localhost/replica:0/task:0/device:GPU:0 with 1117 MB memory) -> physical GPU (device: 0, name: GeForce GTX 1080 Ti, pci bus id: 0000:81:00.0, compute capability: 6.1)
2020-02-23 08:23:27.206233: I tensorflow/core/common_runtime/gpu/gpu_device.cc:982] Device interconnect StreamExecutor with strength 1 edge matrix:
2020-02-23 08:23:27.206307: I tensorflow/core/common_runtime/gpu/gpu_device.cc:988]      0 
2020-02-23 08:23:27.206321: I tensorflow/core/common_runtime/gpu/gpu_device.cc:1001] 0:   N 
2020-02-23 08:23:27.206446: I tensorflow/core/common_runtime/gpu/gpu_device.cc:1115] Created TensorFlow device (/job:localhost/replica:0/task:0/device:GPU:0 with 1117 MB memory) -> physical GPU (device: 0, name: GeForce GTX 1080 Ti, pci bus id: 0000:81:00.0, compute capability: 6.1)
2020-02-23 08:23:27.233430: I tensorflow/core/common_runtime/gpu/gpu_device.cc:982] Device interconnect StreamExecutor with strength 1 edge matrix:
2020-02-23 08:23:27.233510: I tensorflow/core/common_runtime/gpu/gpu_device.cc:988]      0 
2020-02-23 08:23:27.233525: I tensorflow/core/common_runtime/gpu/gpu_device.cc:1001] 0:   N 
2020-02-23 08:23:27.233718: I tensorflow/core/common_runtime/gpu/gpu_device.cc:1115] Created TensorFlow device (/job:localhost/replica:0/task:0/device:GPU:0 with 1117 MB memory) -> physical GPU (device: 0, name: GeForce GTX 1080 Ti, pci bus id: 0000:81:00.0, compute capability: 6.1)
2020-02-23 08:23:27.257371: I tensorflow/core/common_runtime/gpu/gpu_device.cc:982] Device interconnect StreamExecutor with strength 1 edge matrix:
2020-02-23 08:23:27.257439: I tensorflow/core/common_runtime/gpu/gpu_device.cc:988]      0 
2020-02-23 08:23:27.257455: I tensorflow/core/common_runtime/gpu/gpu_device.cc:1001] 0:   N 
2020-02-23 08:23:27.257557: I tensorflow/core/common_runtime/gpu/gpu_device.cc:1115] Created TensorFlow device (/job:localhost/replica:0/task:0/device:GPU:0 with 1117 MB memory) -> physical GPU (device: 0, name: GeForce GTX 1080 Ti, pci bus id: 0000:81:00.0, compute capability: 6.1)
2020-02-23 08:24:25.779495: W tensorflow/core/common_runtime/bfc_allocator.cc:211] Allocator (GPU_0_bfc) ran out of memory trying to allocate 1.02GiB. The caller indicates that this is not a failure, but may mean that there could be performance gains if more memory were available.
2020-02-23 08:24:25.799092: W tensorflow/core/common_runtime/bfc_allocator.cc:211] Allocator (GPU_0_bfc) ran out of memory trying to allocate 1.02GiB. The caller indicates that this is not a failure, but may mean that there could be performance gains if more memory were available.
2020-02-23 08:24:25.816188: W tensorflow/core/common_runtime/bfc_allocator.cc:211] Allocator (GPU_0_bfc) ran out of memory trying to allocate 1.04GiB. The caller indicates that this is not a failure, but may mean that there could be performance gains if more memory were available.
2020-02-23 08:24:25.836345: W tensorflow/core/common_runtime/bfc_allocator.cc:211] Allocator (GPU_0_bfc) ran out of memory trying to allocate 1.07GiB. The caller indicates that this is not a failure, but may mean that there could be performance gains if more memory were available.
2020-02-23 08:24:25.847749: W tensorflow/core/common_runtime/bfc_allocator.cc:211] Allocator (GPU_0_bfc) ran out of memory trying to allocate 2.13GiB. The caller indicates that this is not a failure, but may mean that there could be performance gains if more memory were available.
2020-02-23 08:24:25.850938: W tensorflow/core/common_runtime/bfc_allocator.cc:211] Allocator (GPU_0_bfc) ran out of memory trying to allocate 1.14GiB. The caller indicates that this is not a failure, but may mean that there could be performance gains if more memory were available.
2020-02-23 08:24:25.851367: W tensorflow/core/common_runtime/bfc_allocator.cc:211] Allocator (GPU_0_bfc) ran out of memory trying to allocate 2.13GiB. The caller indicates that this is not a failure, but may mean that there could be performance gains if more memory were available.
2020-02-23 08:32:03.031759: I tensorflow/core/platform/cpu_feature_guard.cc:141] Your CPU supports instructions that this TensorFlow binary was not compiled to use: SSE4.1 SSE4.2 AVX AVX2 FMA
2020-02-23 08:32:03.062483: I tensorflow/core/platform/cpu_feature_guard.cc:141] Your CPU supports instructions that this TensorFlow binary was not compiled to use: SSE4.1 SSE4.2 AVX AVX2 FMA
2020-02-23 08:32:03.067407: I tensorflow/core/platform/cpu_feature_guard.cc:141] Your CPU supports instructions that this TensorFlow binary was not compiled to use: SSE4.1 SSE4.2 AVX AVX2 FMA
2020-02-23 08:32:03.192438: I tensorflow/core/platform/cpu_feature_guard.cc:141] Your CPU supports instructions that this TensorFlow binary was not compiled to use: SSE4.1 SSE4.2 AVX AVX2 FMA
2020-02-23 08:32:03.405676: I tensorflow/core/common_runtime/gpu/gpu_device.cc:1432] Found device 0 with properties: 
name: GeForce GTX 1080 Ti major: 6 minor: 1 memoryClockRate(GHz): 1.6325
pciBusID: 0000:81:00.0
totalMemory: 10.91GiB freeMemory: 10.42GiB
2020-02-23 08:32:03.405761: I tensorflow/core/common_runtime/gpu/gpu_device.cc:1511] Adding visible gpu devices: 0
2020-02-23 08:32:03.430174: I tensorflow/core/common_runtime/gpu/gpu_device.cc:1432] Found device 0 with properties: 
name: GeForce GTX 1080 Ti major: 6 minor: 1 memoryClockRate(GHz): 1.6325
pciBusID: 0000:81:00.0
totalMemory: 10.91GiB freeMemory: 10.27GiB
2020-02-23 08:32:03.430272: I tensorflow/core/common_runtime/gpu/gpu_device.cc:1511] Adding visible gpu devices: 0
2020-02-23 08:32:03.436949: I tensorflow/core/common_runtime/gpu/gpu_device.cc:1432] Found device 0 with properties: 
name: GeForce GTX 1080 Ti major: 6 minor: 1 memoryClockRate(GHz): 1.6325
pciBusID: 0000:81:00.0
totalMemory: 10.91GiB freeMemory: 10.17GiB
2020-02-23 08:32:03.437030: I tensorflow/core/common_runtime/gpu/gpu_device.cc:1511] Adding visible gpu devices: 0
2020-02-23 08:32:03.466550: I tensorflow/core/common_runtime/gpu/gpu_device.cc:1432] Found device 0 with properties: 
name: GeForce GTX 1080 Ti major: 6 minor: 1 memoryClockRate(GHz): 1.6325
pciBusID: 0000:81:00.0
totalMemory: 10.91GiB freeMemory: 10.04GiB
2020-02-23 08:32:03.466635: I tensorflow/core/common_runtime/gpu/gpu_device.cc:1511] Adding visible gpu devices: 0
2020-02-23 08:32:03.869709: I tensorflow/core/common_runtime/gpu/gpu_device.cc:982] Device interconnect StreamExecutor with strength 1 edge matrix:
2020-02-23 08:32:03.869807: I tensorflow/core/common_runtime/gpu/gpu_device.cc:988]      0 
2020-02-23 08:32:03.869822: I tensorflow/core/common_runtime/gpu/gpu_device.cc:1001] 0:   N 
2020-02-23 08:32:03.869933: I tensorflow/core/common_runtime/gpu/gpu_device.cc:1115] Created TensorFlow device (/job:localhost/replica:0/task:0/device:GPU:0 with 1117 MB memory) -> physical GPU (device: 0, name: GeForce GTX 1080 Ti, pci bus id: 0000:81:00.0, compute capability: 6.1)
2020-02-23 08:32:03.883722: I tensorflow/core/common_runtime/gpu/gpu_device.cc:982] Device interconnect StreamExecutor with strength 1 edge matrix:
2020-02-23 08:32:03.883806: I tensorflow/core/common_runtime/gpu/gpu_device.cc:988]      0 
2020-02-23 08:32:03.883840: I tensorflow/core/common_runtime/gpu/gpu_device.cc:1001] 0:   N 
2020-02-23 08:32:03.883986: I tensorflow/core/common_runtime/gpu/gpu_device.cc:1115] Created TensorFlow device (/job:localhost/replica:0/task:0/device:GPU:0 with 1117 MB memory) -> physical GPU (device: 0, name: GeForce GTX 1080 Ti, pci bus id: 0000:81:00.0, compute capability: 6.1)
2020-02-23 08:32:03.898536: I tensorflow/core/common_runtime/gpu/gpu_device.cc:982] Device interconnect StreamExecutor with strength 1 edge matrix:
2020-02-23 08:32:03.898577: I tensorflow/core/common_runtime/gpu/gpu_device.cc:988]      0 
2020-02-23 08:32:03.898590: I tensorflow/core/common_runtime/gpu/gpu_device.cc:1001] 0:   N 
2020-02-23 08:32:03.899046: I tensorflow/core/common_runtime/gpu/gpu_device.cc:1115] Created TensorFlow device (/job:localhost/replica:0/task:0/device:GPU:0 with 1117 MB memory) -> physical GPU (device: 0, name: GeForce GTX 1080 Ti, pci bus id: 0000:81:00.0, compute capability: 6.1)
2020-02-23 08:32:03.973741: I tensorflow/core/common_runtime/gpu/gpu_device.cc:982] Device interconnect StreamExecutor with strength 1 edge matrix:
2020-02-23 08:32:03.973833: I tensorflow/core/common_runtime/gpu/gpu_device.cc:988]      0 
2020-02-23 08:32:03.973847: I tensorflow/core/common_runtime/gpu/gpu_device.cc:1001] 0:   N 
2020-02-23 08:32:03.973946: I tensorflow/core/common_runtime/gpu/gpu_device.cc:1115] Created TensorFlow device (/job:localhost/replica:0/task:0/device:GPU:0 with 1117 MB memory) -> physical GPU (device: 0, name: GeForce GTX 1080 Ti, pci bus id: 0000:81:00.0, compute capability: 6.1)
2020-02-23 10:02:07.435662: I tensorflow/core/platform/cpu_feature_guard.cc:141] Your CPU supports instructions that this TensorFlow binary was not compiled to use: SSE4.1 SSE4.2 AVX AVX2 FMA
2020-02-23 10:02:07.499491: I tensorflow/core/platform/cpu_feature_guard.cc:141] Your CPU supports instructions that this TensorFlow binary was not compiled to use: SSE4.1 SSE4.2 AVX AVX2 FMA
2020-02-23 10:02:07.506727: I tensorflow/core/platform/cpu_feature_guard.cc:141] Your CPU supports instructions that this TensorFlow binary was not compiled to use: SSE4.1 SSE4.2 AVX AVX2 FMA
2020-02-23 10:02:07.515733: I tensorflow/core/platform/cpu_feature_guard.cc:141] Your CPU supports instructions that this TensorFlow binary was not compiled to use: SSE4.1 SSE4.2 AVX AVX2 FMA
2020-02-23 10:02:07.824454: I tensorflow/core/common_runtime/gpu/gpu_device.cc:1432] Found device 0 with properties: 
name: GeForce GTX 1080 Ti major: 6 minor: 1 memoryClockRate(GHz): 1.6325
pciBusID: 0000:81:00.0
totalMemory: 10.91GiB freeMemory: 10.42GiB
2020-02-23 10:02:07.824540: I tensorflow/core/common_runtime/gpu/gpu_device.cc:1511] Adding visible gpu devices: 0
2020-02-23 10:02:07.854380: I tensorflow/core/common_runtime/gpu/gpu_device.cc:1432] Found device 0 with properties: 
name: GeForce GTX 1080 Ti major: 6 minor: 1 memoryClockRate(GHz): 1.6325
pciBusID: 0000:81:00.0
totalMemory: 10.91GiB freeMemory: 10.25GiB
2020-02-23 10:02:07.854464: I tensorflow/core/common_runtime/gpu/gpu_device.cc:1511] Adding visible gpu devices: 0
2020-02-23 10:02:07.860662: I tensorflow/core/common_runtime/gpu/gpu_device.cc:1432] Found device 0 with properties: 
name: GeForce GTX 1080 Ti major: 6 minor: 1 memoryClockRate(GHz): 1.6325
pciBusID: 0000:81:00.0
totalMemory: 10.91GiB freeMemory: 10.15GiB
2020-02-23 10:02:07.860767: I tensorflow/core/common_runtime/gpu/gpu_device.cc:1511] Adding visible gpu devices: 0
2020-02-23 10:02:07.864341: I tensorflow/core/common_runtime/gpu/gpu_device.cc:1432] Found device 0 with properties: 
name: GeForce GTX 1080 Ti major: 6 minor: 1 memoryClockRate(GHz): 1.6325
pciBusID: 0000:81:00.0
totalMemory: 10.91GiB freeMemory: 10.05GiB
2020-02-23 10:02:07.864413: I tensorflow/core/common_runtime/gpu/gpu_device.cc:1511] Adding visible gpu devices: 0
2020-02-23 10:02:08.334357: I tensorflow/core/common_runtime/gpu/gpu_device.cc:982] Device interconnect StreamExecutor with strength 1 edge matrix:
2020-02-23 10:02:08.334433: I tensorflow/core/common_runtime/gpu/gpu_device.cc:988]      0 
2020-02-23 10:02:08.334458: I tensorflow/core/common_runtime/gpu/gpu_device.cc:1001] 0:   N 
2020-02-23 10:02:08.334553: I tensorflow/core/common_runtime/gpu/gpu_device.cc:1115] Created TensorFlow device (/job:localhost/replica:0/task:0/device:GPU:0 with 1117 MB memory) -> physical GPU (device: 0, name: GeForce GTX 1080 Ti, pci bus id: 0000:81:00.0, compute capability: 6.1)
2020-02-23 10:02:08.400030: I tensorflow/core/common_runtime/gpu/gpu_device.cc:982] Device interconnect StreamExecutor with strength 1 edge matrix:
2020-02-23 10:02:08.400104: I tensorflow/core/common_runtime/gpu/gpu_device.cc:988]      0 
2020-02-23 10:02:08.400118: I tensorflow/core/common_runtime/gpu/gpu_device.cc:1001] 0:   N 
2020-02-23 10:02:08.400214: I tensorflow/core/common_runtime/gpu/gpu_device.cc:1115] Created TensorFlow device (/job:localhost/replica:0/task:0/device:GPU:0 with 1117 MB memory) -> physical GPU (device: 0, name: GeForce GTX 1080 Ti, pci bus id: 0000:81:00.0, compute capability: 6.1)
2020-02-23 10:02:08.405636: I tensorflow/core/common_runtime/gpu/gpu_device.cc:982] Device interconnect StreamExecutor with strength 1 edge matrix:
2020-02-23 10:02:08.405704: I tensorflow/core/common_runtime/gpu/gpu_device.cc:988]      0 
2020-02-23 10:02:08.405716: I tensorflow/core/common_runtime/gpu/gpu_device.cc:1001] 0:   N 
2020-02-23 10:02:08.405806: I tensorflow/core/common_runtime/gpu/gpu_device.cc:1115] Created TensorFlow device (/job:localhost/replica:0/task:0/device:GPU:0 with 1117 MB memory) -> physical GPU (device: 0, name: GeForce GTX 1080 Ti, pci bus id: 0000:81:00.0, compute capability: 6.1)
2020-02-23 10:02:08.428215: I tensorflow/core/common_runtime/gpu/gpu_device.cc:982] Device interconnect StreamExecutor with strength 1 edge matrix:
2020-02-23 10:02:08.428293: I tensorflow/core/common_runtime/gpu/gpu_device.cc:988]      0 
2020-02-23 10:02:08.428305: I tensorflow/core/common_runtime/gpu/gpu_device.cc:1001] 0:   N 
2020-02-23 10:02:08.428402: I tensorflow/core/common_runtime/gpu/gpu_device.cc:1115] Created TensorFlow device (/job:localhost/replica:0/task:0/device:GPU:0 with 1117 MB memory) -> physical GPU (device: 0, name: GeForce GTX 1080 Ti, pci bus id: 0000:81:00.0, compute capability: 6.1)
2020-02-23 10:04:51.845852: W tensorflow/core/common_runtime/bfc_allocator.cc:211] Allocator (GPU_0_bfc) ran out of memory trying to allocate 1.02GiB. The caller indicates that this is not a failure, but may mean that there could be performance gains if more memory were available.
2020-02-23 10:04:51.865339: W tensorflow/core/common_runtime/bfc_allocator.cc:211] Allocator (GPU_0_bfc) ran out of memory trying to allocate 1.02GiB. The caller indicates that this is not a failure, but may mean that there could be performance gains if more memory were available.
2020-02-23 10:04:51.882438: W tensorflow/core/common_runtime/bfc_allocator.cc:211] Allocator (GPU_0_bfc) ran out of memory trying to allocate 1.04GiB. The caller indicates that this is not a failure, but may mean that there could be performance gains if more memory were available.
2020-02-23 10:04:51.902565: W tensorflow/core/common_runtime/bfc_allocator.cc:211] Allocator (GPU_0_bfc) ran out of memory trying to allocate 1.07GiB. The caller indicates that this is not a failure, but may mean that there could be performance gains if more memory were available.
2020-02-23 10:04:51.913941: W tensorflow/core/common_runtime/bfc_allocator.cc:211] Allocator (GPU_0_bfc) ran out of memory trying to allocate 2.13GiB. The caller indicates that this is not a failure, but may mean that there could be performance gains if more memory were available.
2020-02-23 10:04:51.917121: W tensorflow/core/common_runtime/bfc_allocator.cc:211] Allocator (GPU_0_bfc) ran out of memory trying to allocate 1.14GiB. The caller indicates that this is not a failure, but may mean that there could be performance gains if more memory were available.
2020-02-23 10:04:51.917551: W tensorflow/core/common_runtime/bfc_allocator.cc:211] Allocator (GPU_0_bfc) ran out of memory trying to allocate 2.13GiB. The caller indicates that this is not a failure, but may mean that there could be performance gains if more memory were available.
2020-02-23 10:21:28.528496: W tensorflow/core/common_runtime/bfc_allocator.cc:211] Allocator (GPU_0_bfc) ran out of memory trying to allocate 1.02GiB. The caller indicates that this is not a failure, but may mean that there could be performance gains if more memory were available.
2020-02-23 10:21:28.547992: W tensorflow/core/common_runtime/bfc_allocator.cc:211] Allocator (GPU_0_bfc) ran out of memory trying to allocate 1.02GiB. The caller indicates that this is not a failure, but may mean that there could be performance gains if more memory were available.
2020-02-23 10:21:28.565099: W tensorflow/core/common_runtime/bfc_allocator.cc:211] Allocator (GPU_0_bfc) ran out of memory trying to allocate 1.04GiB. The caller indicates that this is not a failure, but may mean that there could be performance gains if more memory were available.
2020-02-23 10:21:28.585259: W tensorflow/core/common_runtime/bfc_allocator.cc:211] Allocator (GPU_0_bfc) ran out of memory trying to allocate 1.07GiB. The caller indicates that this is not a failure, but may mean that there could be performance gains if more memory were available.
2020-02-23 10:21:28.596680: W tensorflow/core/common_runtime/bfc_allocator.cc:211] Allocator (GPU_0_bfc) ran out of memory trying to allocate 2.13GiB. The caller indicates that this is not a failure, but may mean that there could be performance gains if more memory were available.
2020-02-23 10:21:28.599909: W tensorflow/core/common_runtime/bfc_allocator.cc:211] Allocator (GPU_0_bfc) ran out of memory trying to allocate 1.14GiB. The caller indicates that this is not a failure, but may mean that there could be performance gains if more memory were available.
2020-02-23 10:21:28.600361: W tensorflow/core/common_runtime/bfc_allocator.cc:211] Allocator (GPU_0_bfc) ran out of memory trying to allocate 2.13GiB. The caller indicates that this is not a failure, but may mean that there could be performance gains if more memory were available.
2020-02-23 10:21:35.938921: W tensorflow/core/common_runtime/bfc_allocator.cc:211] Allocator (GPU_0_bfc) ran out of memory trying to allocate 1.02GiB. The caller indicates that this is not a failure, but may mean that there could be performance gains if more memory were available.
2020-02-23 10:21:35.958618: W tensorflow/core/common_runtime/bfc_allocator.cc:211] Allocator (GPU_0_bfc) ran out of memory trying to allocate 1.02GiB. The caller indicates that this is not a failure, but may mean that there could be performance gains if more memory were available.
2020-02-23 10:21:35.975789: W tensorflow/core/common_runtime/bfc_allocator.cc:211] Allocator (GPU_0_bfc) ran out of memory trying to allocate 1.04GiB. The caller indicates that this is not a failure, but may mean that there could be performance gains if more memory were available.
2020-02-23 10:21:35.995941: W tensorflow/core/common_runtime/bfc_allocator.cc:211] Allocator (GPU_0_bfc) ran out of memory trying to allocate 1.07GiB. The caller indicates that this is not a failure, but may mean that there could be performance gains if more memory were available.
2020-02-23 10:21:36.007341: W tensorflow/core/common_runtime/bfc_allocator.cc:211] Allocator (GPU_0_bfc) ran out of memory trying to allocate 2.13GiB. The caller indicates that this is not a failure, but may mean that there could be performance gains if more memory were available.
2020-02-23 10:21:36.010529: W tensorflow/core/common_runtime/bfc_allocator.cc:211] Allocator (GPU_0_bfc) ran out of memory trying to allocate 1.14GiB. The caller indicates that this is not a failure, but may mean that there could be performance gains if more memory were available.
2020-02-23 10:21:36.010968: W tensorflow/core/common_runtime/bfc_allocator.cc:211] Allocator (GPU_0_bfc) ran out of memory trying to allocate 2.13GiB. The caller indicates that this is not a failure, but may mean that there could be performance gains if more memory were available.
2020-02-23 10:22:14.118643: W tensorflow/core/common_runtime/bfc_allocator.cc:211] Allocator (GPU_0_bfc) ran out of memory trying to allocate 1.02GiB. The caller indicates that this is not a failure, but may mean that there could be performance gains if more memory were available.
2020-02-23 10:22:14.137450: W tensorflow/core/common_runtime/bfc_allocator.cc:211] Allocator (GPU_0_bfc) ran out of memory trying to allocate 1.02GiB. The caller indicates that this is not a failure, but may mean that there could be performance gains if more memory were available.
2020-02-23 10:22:14.153792: W tensorflow/core/common_runtime/bfc_allocator.cc:211] Allocator (GPU_0_bfc) ran out of memory trying to allocate 1.04GiB. The caller indicates that this is not a failure, but may mean that there could be performance gains if more memory were available.
2020-02-23 10:22:14.172949: W tensorflow/core/common_runtime/bfc_allocator.cc:211] Allocator (GPU_0_bfc) ran out of memory trying to allocate 1.07GiB. The caller indicates that this is not a failure, but may mean that there could be performance gains if more memory were available.
2020-02-23 10:22:14.183924: W tensorflow/core/common_runtime/bfc_allocator.cc:211] Allocator (GPU_0_bfc) ran out of memory trying to allocate 2.13GiB. The caller indicates that this is not a failure, but may mean that there could be performance gains if more memory were available.
2020-02-23 10:22:14.186986: W tensorflow/core/common_runtime/bfc_allocator.cc:211] Allocator (GPU_0_bfc) ran out of memory trying to allocate 1.14GiB. The caller indicates that this is not a failure, but may mean that there could be performance gains if more memory were available.
2020-02-23 10:22:14.187394: W tensorflow/core/common_runtime/bfc_allocator.cc:211] Allocator (GPU_0_bfc) ran out of memory trying to allocate 2.13GiB. The caller indicates that this is not a failure, but may mean that there could be performance gains if more memory were available.
2020-02-23 10:23:00.193011: I tensorflow/core/platform/cpu_feature_guard.cc:141] Your CPU supports instructions that this TensorFlow binary was not compiled to use: SSE4.1 SSE4.2 AVX AVX2 FMA
2020-02-23 10:23:00.326872: I tensorflow/core/common_runtime/gpu/gpu_device.cc:1432] Found device 0 with properties: 
name: GeForce GTX 1080 Ti major: 6 minor: 1 memoryClockRate(GHz): 1.6325
pciBusID: 0000:81:00.0
totalMemory: 10.91GiB freeMemory: 6.09GiB
2020-02-23 10:23:00.326951: I tensorflow/core/common_runtime/gpu/gpu_device.cc:1511] Adding visible gpu devices: 0
2020-02-23 10:23:00.824418: I tensorflow/core/common_runtime/gpu/gpu_device.cc:982] Device interconnect StreamExecutor with strength 1 edge matrix:
2020-02-23 10:23:00.824494: I tensorflow/core/common_runtime/gpu/gpu_device.cc:988]      0 
2020-02-23 10:23:00.824509: I tensorflow/core/common_runtime/gpu/gpu_device.cc:1001] 0:   N 
2020-02-23 10:23:00.824610: I tensorflow/core/common_runtime/gpu/gpu_device.cc:1115] Created TensorFlow device (/job:localhost/replica:0/task:0/device:GPU:0 with 1117 MB memory) -> physical GPU (device: 0, name: GeForce GTX 1080 Ti, pci bus id: 0000:81:00.0, compute capability: 6.1)
/usr/local/anaconda3/lib/python3.6/site-packages/h5py/__init__.py:34: FutureWarning: Conversion of the second argument of issubdtype from `float` to `np.floating` is deprecated. In future, it will be treated as `np.float64 == np.dtype(float).type`.
  from ._conv import register_converters as _register_converters
Using TensorFlow backend.
Traceback (most recent call last):
  File "slaver.py", line 26, in <module>
    port, model_path, labels = sys.argv[1], sys.argv[2], sys.argv[3]
IndexError: list index out of range
2020-02-23 10:28:34.854078: I tensorflow/core/platform/cpu_feature_guard.cc:141] Your CPU supports instructions that this TensorFlow binary was not compiled to use: SSE4.1 SSE4.2 AVX AVX2 FMA
2020-02-23 10:28:34.998140: I tensorflow/core/common_runtime/gpu/gpu_device.cc:1432] Found device 0 with properties: 
name: GeForce GTX 1080 Ti major: 6 minor: 1 memoryClockRate(GHz): 1.6325
pciBusID: 0000:81:00.0
totalMemory: 10.91GiB freeMemory: 7.55GiB
2020-02-23 10:28:34.998234: I tensorflow/core/common_runtime/gpu/gpu_device.cc:1511] Adding visible gpu devices: 0
2020-02-23 10:28:35.486720: I tensorflow/core/common_runtime/gpu/gpu_device.cc:982] Device interconnect StreamExecutor with strength 1 edge matrix:
2020-02-23 10:28:35.486811: I tensorflow/core/common_runtime/gpu/gpu_device.cc:988]      0 
2020-02-23 10:28:35.486825: I tensorflow/core/common_runtime/gpu/gpu_device.cc:1001] 0:   N 
2020-02-23 10:28:35.486944: I tensorflow/core/common_runtime/gpu/gpu_device.cc:1115] Created TensorFlow device (/job:localhost/replica:0/task:0/device:GPU:0 with 1117 MB memory) -> physical GPU (device: 0, name: GeForce GTX 1080 Ti, pci bus id: 0000:81:00.0, compute capability: 6.1)
/usr/local/anaconda3/lib/python3.6/site-packages/h5py/__init__.py:34: FutureWarning: Conversion of the second argument of issubdtype from `float` to `np.floating` is deprecated. In future, it will be treated as `np.float64 == np.dtype(float).type`.
  from ._conv import register_converters as _register_converters
Using TensorFlow backend.
Traceback (most recent call last):
  File "slaver.py", line 26, in <module>
    port, model_path, labels = sys.argv[1], sys.argv[2], sys.argv[3]
IndexError: list index out of range
2020-02-23 10:30:47.072221: I tensorflow/core/platform/cpu_feature_guard.cc:141] Your CPU supports instructions that this TensorFlow binary was not compiled to use: SSE4.1 SSE4.2 AVX AVX2 FMA
2020-02-23 10:30:47.237442: I tensorflow/core/common_runtime/gpu/gpu_device.cc:1432] Found device 0 with properties: 
name: GeForce GTX 1080 Ti major: 6 minor: 1 memoryClockRate(GHz): 1.6325
pciBusID: 0000:81:00.0
totalMemory: 10.91GiB freeMemory: 10.46GiB
2020-02-23 10:30:47.237529: I tensorflow/core/common_runtime/gpu/gpu_device.cc:1511] Adding visible gpu devices: 0
2020-02-23 10:30:47.681016: I tensorflow/core/common_runtime/gpu/gpu_device.cc:982] Device interconnect StreamExecutor with strength 1 edge matrix:
2020-02-23 10:30:47.681097: I tensorflow/core/common_runtime/gpu/gpu_device.cc:988]      0 
2020-02-23 10:30:47.681110: I tensorflow/core/common_runtime/gpu/gpu_device.cc:1001] 0:   N 
2020-02-23 10:30:47.681195: I tensorflow/core/common_runtime/gpu/gpu_device.cc:1115] Created TensorFlow device (/job:localhost/replica:0/task:0/device:GPU:0 with 1117 MB memory) -> physical GPU (device: 0, name: GeForce GTX 1080 Ti, pci bus id: 0000:81:00.0, compute capability: 6.1)
/usr/local/anaconda3/lib/python3.6/site-packages/h5py/__init__.py:34: FutureWarning: Conversion of the second argument of issubdtype from `float` to `np.floating` is deprecated. In future, it will be treated as `np.float64 == np.dtype(float).type`.
  from ._conv import register_converters as _register_converters
Using TensorFlow backend.
/home/nlp/lmy/shiftmodel/models/400.h5 model, anchors, and classes loaded.
Traceback (most recent call last):
  File "slaver.py", line 32, in <module>
    tornado.ioloop.IOLoop.instance().start()
  File "/usr/local/anaconda3/lib/python3.6/site-packages/tornado/ioloop.py", line 863, in start
    event_pairs = self._impl.poll(poll_timeout)
KeyboardInterrupt
2020-02-23 10:35:31.241979: I tensorflow/core/platform/cpu_feature_guard.cc:141] Your CPU supports instructions that this TensorFlow binary was not compiled to use: SSE4.1 SSE4.2 AVX AVX2 FMA
2020-02-23 10:35:31.245324: I tensorflow/core/platform/cpu_feature_guard.cc:141] Your CPU supports instructions that this TensorFlow binary was not compiled to use: SSE4.1 SSE4.2 AVX AVX2 FMA
2020-02-23 10:35:31.263795: I tensorflow/core/platform/cpu_feature_guard.cc:141] Your CPU supports instructions that this TensorFlow binary was not compiled to use: SSE4.1 SSE4.2 AVX AVX2 FMA
2020-02-23 10:35:31.270083: I tensorflow/core/platform/cpu_feature_guard.cc:141] Your CPU supports instructions that this TensorFlow binary was not compiled to use: SSE4.1 SSE4.2 AVX AVX2 FMA
2020-02-23 10:35:31.639421: I tensorflow/core/common_runtime/gpu/gpu_device.cc:1432] Found device 0 with properties: 
name: GeForce GTX 1080 Ti major: 6 minor: 1 memoryClockRate(GHz): 1.6325
pciBusID: 0000:81:00.0
totalMemory: 10.91GiB freeMemory: 10.28GiB
2020-02-23 10:35:31.639526: I tensorflow/core/common_runtime/gpu/gpu_device.cc:1511] Adding visible gpu devices: 0
2020-02-23 10:35:31.647512: I tensorflow/core/common_runtime/gpu/gpu_device.cc:1432] Found device 0 with properties: 
name: GeForce GTX 1080 Ti major: 6 minor: 1 memoryClockRate(GHz): 1.6325
pciBusID: 0000:81:00.0
totalMemory: 10.91GiB freeMemory: 10.28GiB
2020-02-23 10:35:31.647595: I tensorflow/core/common_runtime/gpu/gpu_device.cc:1511] Adding visible gpu devices: 0
2020-02-23 10:35:31.664811: I tensorflow/core/common_runtime/gpu/gpu_device.cc:1432] Found device 0 with properties: 
name: GeForce GTX 1080 Ti major: 6 minor: 1 memoryClockRate(GHz): 1.6325
pciBusID: 0000:81:00.0
totalMemory: 10.91GiB freeMemory: 10.06GiB
2020-02-23 10:35:31.664894: I tensorflow/core/common_runtime/gpu/gpu_device.cc:1511] Adding visible gpu devices: 0
2020-02-23 10:35:31.666364: I tensorflow/core/common_runtime/gpu/gpu_device.cc:1432] Found device 0 with properties: 
name: GeForce GTX 1080 Ti major: 6 minor: 1 memoryClockRate(GHz): 1.6325
pciBusID: 0000:81:00.0
totalMemory: 10.91GiB freeMemory: 10.06GiB
2020-02-23 10:35:31.666401: I tensorflow/core/common_runtime/gpu/gpu_device.cc:1511] Adding visible gpu devices: 0
2020-02-23 10:35:32.133372: I tensorflow/core/common_runtime/gpu/gpu_device.cc:982] Device interconnect StreamExecutor with strength 1 edge matrix:
2020-02-23 10:35:32.133463: I tensorflow/core/common_runtime/gpu/gpu_device.cc:988]      0 
2020-02-23 10:35:32.133482: I tensorflow/core/common_runtime/gpu/gpu_device.cc:1001] 0:   N 
2020-02-23 10:35:32.133595: I tensorflow/core/common_runtime/gpu/gpu_device.cc:1115] Created TensorFlow device (/job:localhost/replica:0/task:0/device:GPU:0 with 1117 MB memory) -> physical GPU (device: 0, name: GeForce GTX 1080 Ti, pci bus id: 0000:81:00.0, compute capability: 6.1)
2020-02-23 10:35:32.195722: I tensorflow/core/common_runtime/gpu/gpu_device.cc:982] Device interconnect StreamExecutor with strength 1 edge matrix:
2020-02-23 10:35:32.195829: I tensorflow/core/common_runtime/gpu/gpu_device.cc:988]      0 
2020-02-23 10:35:32.196198: I tensorflow/core/common_runtime/gpu/gpu_device.cc:1001] 0:   N 
2020-02-23 10:35:32.196432: I tensorflow/core/common_runtime/gpu/gpu_device.cc:1115] Created TensorFlow device (/job:localhost/replica:0/task:0/device:GPU:0 with 1117 MB memory) -> physical GPU (device: 0, name: GeForce GTX 1080 Ti, pci bus id: 0000:81:00.0, compute capability: 6.1)
2020-02-23 10:35:32.200335: I tensorflow/core/common_runtime/gpu/gpu_device.cc:982] Device interconnect StreamExecutor with strength 1 edge matrix:
2020-02-23 10:35:32.200387: I tensorflow/core/common_runtime/gpu/gpu_device.cc:988]      0 
2020-02-23 10:35:32.200401: I tensorflow/core/common_runtime/gpu/gpu_device.cc:1001] 0:   N 
2020-02-23 10:35:32.200550: I tensorflow/core/common_runtime/gpu/gpu_device.cc:1115] Created TensorFlow device (/job:localhost/replica:0/task:0/device:GPU:0 with 1117 MB memory) -> physical GPU (device: 0, name: GeForce GTX 1080 Ti, pci bus id: 0000:81:00.0, compute capability: 6.1)
2020-02-23 10:35:32.203210: I tensorflow/core/common_runtime/gpu/gpu_device.cc:982] Device interconnect StreamExecutor with strength 1 edge matrix:
2020-02-23 10:35:32.203273: I tensorflow/core/common_runtime/gpu/gpu_device.cc:988]      0 
2020-02-23 10:35:32.203291: I tensorflow/core/common_runtime/gpu/gpu_device.cc:1001] 0:   N 
2020-02-23 10:35:32.203373: I tensorflow/core/common_runtime/gpu/gpu_device.cc:1115] Created TensorFlow device (/job:localhost/replica:0/task:0/device:GPU:0 with 1117 MB memory) -> physical GPU (device: 0, name: GeForce GTX 1080 Ti, pci bus id: 0000:81:00.0, compute capability: 6.1)
2020-02-23 10:36:40.843248: I tensorflow/core/platform/cpu_feature_guard.cc:141] Your CPU supports instructions that this TensorFlow binary was not compiled to use: SSE4.1 SSE4.2 AVX AVX2 FMA
2020-02-23 10:36:41.017800: I tensorflow/core/common_runtime/gpu/gpu_device.cc:1432] Found device 0 with properties: 
name: GeForce GTX 1080 Ti major: 6 minor: 1 memoryClockRate(GHz): 1.6325
pciBusID: 0000:81:00.0
totalMemory: 10.91GiB freeMemory: 6.59GiB
2020-02-23 10:36:41.017894: I tensorflow/core/common_runtime/gpu/gpu_device.cc:1511] Adding visible gpu devices: 0
2020-02-23 10:36:41.482365: I tensorflow/core/common_runtime/gpu/gpu_device.cc:982] Device interconnect StreamExecutor with strength 1 edge matrix:
2020-02-23 10:36:41.482435: I tensorflow/core/common_runtime/gpu/gpu_device.cc:988]      0 
2020-02-23 10:36:41.482450: I tensorflow/core/common_runtime/gpu/gpu_device.cc:1001] 0:   N 
2020-02-23 10:36:41.482563: I tensorflow/core/common_runtime/gpu/gpu_device.cc:1115] Created TensorFlow device (/job:localhost/replica:0/task:0/device:GPU:0 with 1117 MB memory) -> physical GPU (device: 0, name: GeForce GTX 1080 Ti, pci bus id: 0000:81:00.0, compute capability: 6.1)
2020-02-23 10:37:54.693514: I tensorflow/core/platform/cpu_feature_guard.cc:141] Your CPU supports instructions that this TensorFlow binary was not compiled to use: SSE4.1 SSE4.2 AVX AVX2 FMA
2020-02-23 10:37:54.801168: I tensorflow/core/common_runtime/gpu/gpu_device.cc:1432] Found device 0 with properties: 
name: GeForce GTX 1080 Ti major: 6 minor: 1 memoryClockRate(GHz): 1.6325
pciBusID: 0000:81:00.0
totalMemory: 10.91GiB freeMemory: 6.59GiB
2020-02-23 10:37:54.801230: I tensorflow/core/common_runtime/gpu/gpu_device.cc:1511] Adding visible gpu devices: 0
2020-02-23 10:37:55.248163: I tensorflow/core/common_runtime/gpu/gpu_device.cc:982] Device interconnect StreamExecutor with strength 1 edge matrix:
2020-02-23 10:37:55.248250: I tensorflow/core/common_runtime/gpu/gpu_device.cc:988]      0 
2020-02-23 10:37:55.248262: I tensorflow/core/common_runtime/gpu/gpu_device.cc:1001] 0:   N 
2020-02-23 10:37:55.248354: I tensorflow/core/common_runtime/gpu/gpu_device.cc:1115] Created TensorFlow device (/job:localhost/replica:0/task:0/device:GPU:0 with 1117 MB memory) -> physical GPU (device: 0, name: GeForce GTX 1080 Ti, pci bus id: 0000:81:00.0, compute capability: 6.1)
2020-02-23 10:38:08.233365: W tensorflow/core/common_runtime/bfc_allocator.cc:211] Allocator (GPU_0_bfc) ran out of memory trying to allocate 1.02GiB. The caller indicates that this is not a failure, but may mean that there could be performance gains if more memory were available.
2020-02-23 10:38:08.253075: W tensorflow/core/common_runtime/bfc_allocator.cc:211] Allocator (GPU_0_bfc) ran out of memory trying to allocate 1.02GiB. The caller indicates that this is not a failure, but may mean that there could be performance gains if more memory were available.
2020-02-23 10:38:08.270207: W tensorflow/core/common_runtime/bfc_allocator.cc:211] Allocator (GPU_0_bfc) ran out of memory trying to allocate 1.04GiB. The caller indicates that this is not a failure, but may mean that there could be performance gains if more memory were available.
2020-02-23 10:38:08.290438: W tensorflow/core/common_runtime/bfc_allocator.cc:211] Allocator (GPU_0_bfc) ran out of memory trying to allocate 1.07GiB. The caller indicates that this is not a failure, but may mean that there could be performance gains if more memory were available.
2020-02-23 10:38:08.301847: W tensorflow/core/common_runtime/bfc_allocator.cc:211] Allocator (GPU_0_bfc) ran out of memory trying to allocate 2.13GiB. The caller indicates that this is not a failure, but may mean that there could be performance gains if more memory were available.
2020-02-23 10:38:08.305045: W tensorflow/core/common_runtime/bfc_allocator.cc:211] Allocator (GPU_0_bfc) ran out of memory trying to allocate 1.14GiB. The caller indicates that this is not a failure, but may mean that there could be performance gains if more memory were available.
2020-02-23 10:38:08.305479: W tensorflow/core/common_runtime/bfc_allocator.cc:211] Allocator (GPU_0_bfc) ran out of memory trying to allocate 2.13GiB. The caller indicates that this is not a failure, but may mean that there could be performance gains if more memory were available.
2020-02-23 10:38:39.130335: W tensorflow/core/common_runtime/bfc_allocator.cc:211] Allocator (GPU_0_bfc) ran out of memory trying to allocate 1.02GiB. The caller indicates that this is not a failure, but may mean that there could be performance gains if more memory were available.
2020-02-23 10:38:39.149957: W tensorflow/core/common_runtime/bfc_allocator.cc:211] Allocator (GPU_0_bfc) ran out of memory trying to allocate 1.02GiB. The caller indicates that this is not a failure, but may mean that there could be performance gains if more memory were available.
2020-02-23 10:38:39.167086: W tensorflow/core/common_runtime/bfc_allocator.cc:211] Allocator (GPU_0_bfc) ran out of memory trying to allocate 1.04GiB. The caller indicates that this is not a failure, but may mean that there could be performance gains if more memory were available.
2020-02-23 10:38:39.187225: W tensorflow/core/common_runtime/bfc_allocator.cc:211] Allocator (GPU_0_bfc) ran out of memory trying to allocate 1.07GiB. The caller indicates that this is not a failure, but may mean that there could be performance gains if more memory were available.
2020-02-23 10:38:39.198600: W tensorflow/core/common_runtime/bfc_allocator.cc:211] Allocator (GPU_0_bfc) ran out of memory trying to allocate 2.13GiB. The caller indicates that this is not a failure, but may mean that there could be performance gains if more memory were available.
2020-02-23 10:38:39.201787: W tensorflow/core/common_runtime/bfc_allocator.cc:211] Allocator (GPU_0_bfc) ran out of memory trying to allocate 1.14GiB. The caller indicates that this is not a failure, but may mean that there could be performance gains if more memory were available.
2020-02-23 10:38:39.202210: W tensorflow/core/common_runtime/bfc_allocator.cc:211] Allocator (GPU_0_bfc) ran out of memory trying to allocate 2.13GiB. The caller indicates that this is not a failure, but may mean that there could be performance gains if more memory were available.
2020-02-23 10:38:44.262905: I tensorflow/core/platform/cpu_feature_guard.cc:141] Your CPU supports instructions that this TensorFlow binary was not compiled to use: SSE4.1 SSE4.2 AVX AVX2 FMA
2020-02-23 10:38:44.364019: I tensorflow/core/common_runtime/gpu/gpu_device.cc:1432] Found device 0 with properties: 
name: GeForce GTX 1080 Ti major: 6 minor: 1 memoryClockRate(GHz): 1.6325
pciBusID: 0000:81:00.0
totalMemory: 10.91GiB freeMemory: 6.26GiB
2020-02-23 10:38:44.364094: I tensorflow/core/common_runtime/gpu/gpu_device.cc:1511] Adding visible gpu devices: 0
2020-02-23 10:38:44.845936: I tensorflow/core/common_runtime/gpu/gpu_device.cc:982] Device interconnect StreamExecutor with strength 1 edge matrix:
2020-02-23 10:38:44.846021: I tensorflow/core/common_runtime/gpu/gpu_device.cc:988]      0 
2020-02-23 10:38:44.846033: I tensorflow/core/common_runtime/gpu/gpu_device.cc:1001] 0:   N 
2020-02-23 10:38:44.846122: I tensorflow/core/common_runtime/gpu/gpu_device.cc:1115] Created TensorFlow device (/job:localhost/replica:0/task:0/device:GPU:0 with 1117 MB memory) -> physical GPU (device: 0, name: GeForce GTX 1080 Ti, pci bus id: 0000:81:00.0, compute capability: 6.1)
2020-02-23 10:38:57.895874: W tensorflow/core/common_runtime/bfc_allocator.cc:211] Allocator (GPU_0_bfc) ran out of memory trying to allocate 1.02GiB. The caller indicates that this is not a failure, but may mean that there could be performance gains if more memory were available.
2020-02-23 10:38:57.914329: W tensorflow/core/common_runtime/bfc_allocator.cc:211] Allocator (GPU_0_bfc) ran out of memory trying to allocate 1.02GiB. The caller indicates that this is not a failure, but may mean that there could be performance gains if more memory were available.
2020-02-23 10:38:57.930272: W tensorflow/core/common_runtime/bfc_allocator.cc:211] Allocator (GPU_0_bfc) ran out of memory trying to allocate 1.04GiB. The caller indicates that this is not a failure, but may mean that there could be performance gains if more memory were available.
2020-02-23 10:38:57.949022: W tensorflow/core/common_runtime/bfc_allocator.cc:211] Allocator (GPU_0_bfc) ran out of memory trying to allocate 1.07GiB. The caller indicates that this is not a failure, but may mean that there could be performance gains if more memory were available.
2020-02-23 10:38:57.959750: W tensorflow/core/common_runtime/bfc_allocator.cc:211] Allocator (GPU_0_bfc) ran out of memory trying to allocate 2.13GiB. The caller indicates that this is not a failure, but may mean that there could be performance gains if more memory were available.
2020-02-23 10:38:57.962732: W tensorflow/core/common_runtime/bfc_allocator.cc:211] Allocator (GPU_0_bfc) ran out of memory trying to allocate 1.14GiB. The caller indicates that this is not a failure, but may mean that there could be performance gains if more memory were available.
2020-02-23 10:38:57.963140: W tensorflow/core/common_runtime/bfc_allocator.cc:211] Allocator (GPU_0_bfc) ran out of memory trying to allocate 2.13GiB. The caller indicates that this is not a failure, but may mean that there could be performance gains if more memory were available.
2020-02-23 10:40:03.626446: I tensorflow/core/platform/cpu_feature_guard.cc:141] Your CPU supports instructions that this TensorFlow binary was not compiled to use: SSE4.1 SSE4.2 AVX AVX2 FMA
2020-02-23 10:40:03.719451: I tensorflow/core/common_runtime/gpu/gpu_device.cc:1432] Found device 0 with properties: 
name: GeForce GTX 1080 Ti major: 6 minor: 1 memoryClockRate(GHz): 1.6325
pciBusID: 0000:81:00.0
totalMemory: 10.91GiB freeMemory: 6.09GiB
2020-02-23 10:40:03.719519: I tensorflow/core/common_runtime/gpu/gpu_device.cc:1511] Adding visible gpu devices: 0
2020-02-23 10:40:04.148443: I tensorflow/core/common_runtime/gpu/gpu_device.cc:982] Device interconnect StreamExecutor with strength 1 edge matrix:
2020-02-23 10:40:04.148515: I tensorflow/core/common_runtime/gpu/gpu_device.cc:988]      0 
2020-02-23 10:40:04.148527: I tensorflow/core/common_runtime/gpu/gpu_device.cc:1001] 0:   N 
2020-02-23 10:40:04.148627: I tensorflow/core/common_runtime/gpu/gpu_device.cc:1115] Created TensorFlow device (/job:localhost/replica:0/task:0/device:GPU:0 with 1117 MB memory) -> physical GPU (device: 0, name: GeForce GTX 1080 Ti, pci bus id: 0000:81:00.0, compute capability: 6.1)
2020-02-23 10:40:17.144261: W tensorflow/core/common_runtime/bfc_allocator.cc:211] Allocator (GPU_0_bfc) ran out of memory trying to allocate 1.02GiB. The caller indicates that this is not a failure, but may mean that there could be performance gains if more memory were available.
2020-02-23 10:40:17.163895: W tensorflow/core/common_runtime/bfc_allocator.cc:211] Allocator (GPU_0_bfc) ran out of memory trying to allocate 1.02GiB. The caller indicates that this is not a failure, but may mean that there could be performance gains if more memory were available.
2020-02-23 10:40:17.181077: W tensorflow/core/common_runtime/bfc_allocator.cc:211] Allocator (GPU_0_bfc) ran out of memory trying to allocate 1.04GiB. The caller indicates that this is not a failure, but may mean that there could be performance gains if more memory were available.
2020-02-23 10:40:17.201301: W tensorflow/core/common_runtime/bfc_allocator.cc:211] Allocator (GPU_0_bfc) ran out of memory trying to allocate 1.07GiB. The caller indicates that this is not a failure, but may mean that there could be performance gains if more memory were available.
2020-02-23 10:40:17.212736: W tensorflow/core/common_runtime/bfc_allocator.cc:211] Allocator (GPU_0_bfc) ran out of memory trying to allocate 2.13GiB. The caller indicates that this is not a failure, but may mean that there could be performance gains if more memory were available.
2020-02-23 10:40:17.215968: W tensorflow/core/common_runtime/bfc_allocator.cc:211] Allocator (GPU_0_bfc) ran out of memory trying to allocate 1.14GiB. The caller indicates that this is not a failure, but may mean that there could be performance gains if more memory were available.
2020-02-23 10:40:17.216408: W tensorflow/core/common_runtime/bfc_allocator.cc:211] Allocator (GPU_0_bfc) ran out of memory trying to allocate 2.13GiB. The caller indicates that this is not a failure, but may mean that there could be performance gains if more memory were available.
2020-02-23 10:41:00.125480: I tensorflow/core/platform/cpu_feature_guard.cc:141] Your CPU supports instructions that this TensorFlow binary was not compiled to use: SSE4.1 SSE4.2 AVX AVX2 FMA
2020-02-23 10:41:00.252077: I tensorflow/core/common_runtime/gpu/gpu_device.cc:1432] Found device 0 with properties: 
name: GeForce GTX 1080 Ti major: 6 minor: 1 memoryClockRate(GHz): 1.6325
pciBusID: 0000:81:00.0
totalMemory: 10.91GiB freeMemory: 6.09GiB
2020-02-23 10:41:00.252150: I tensorflow/core/common_runtime/gpu/gpu_device.cc:1511] Adding visible gpu devices: 0
2020-02-23 10:41:00.699886: I tensorflow/core/common_runtime/gpu/gpu_device.cc:982] Device interconnect StreamExecutor with strength 1 edge matrix:
2020-02-23 10:41:00.699973: I tensorflow/core/common_runtime/gpu/gpu_device.cc:988]      0 
2020-02-23 10:41:00.699986: I tensorflow/core/common_runtime/gpu/gpu_device.cc:1001] 0:   N 
2020-02-23 10:41:00.700077: I tensorflow/core/common_runtime/gpu/gpu_device.cc:1115] Created TensorFlow device (/job:localhost/replica:0/task:0/device:GPU:0 with 1117 MB memory) -> physical GPU (device: 0, name: GeForce GTX 1080 Ti, pci bus id: 0000:81:00.0, compute capability: 6.1)
2020-02-23 10:41:13.827544: W tensorflow/core/common_runtime/bfc_allocator.cc:211] Allocator (GPU_0_bfc) ran out of memory trying to allocate 1.02GiB. The caller indicates that this is not a failure, but may mean that there could be performance gains if more memory were available.
2020-02-23 10:41:13.847171: W tensorflow/core/common_runtime/bfc_allocator.cc:211] Allocator (GPU_0_bfc) ran out of memory trying to allocate 1.02GiB. The caller indicates that this is not a failure, but may mean that there could be performance gains if more memory were available.
2020-02-23 10:41:13.864333: W tensorflow/core/common_runtime/bfc_allocator.cc:211] Allocator (GPU_0_bfc) ran out of memory trying to allocate 1.04GiB. The caller indicates that this is not a failure, but may mean that there could be performance gains if more memory were available.
2020-02-23 10:41:13.884537: W tensorflow/core/common_runtime/bfc_allocator.cc:211] Allocator (GPU_0_bfc) ran out of memory trying to allocate 1.07GiB. The caller indicates that this is not a failure, but may mean that there could be performance gains if more memory were available.
2020-02-23 10:41:13.895943: W tensorflow/core/common_runtime/bfc_allocator.cc:211] Allocator (GPU_0_bfc) ran out of memory trying to allocate 2.13GiB. The caller indicates that this is not a failure, but may mean that there could be performance gains if more memory were available.
2020-02-23 10:41:13.899164: W tensorflow/core/common_runtime/bfc_allocator.cc:211] Allocator (GPU_0_bfc) ran out of memory trying to allocate 1.14GiB. The caller indicates that this is not a failure, but may mean that there could be performance gains if more memory were available.
2020-02-23 10:41:13.899591: W tensorflow/core/common_runtime/bfc_allocator.cc:211] Allocator (GPU_0_bfc) ran out of memory trying to allocate 2.13GiB. The caller indicates that this is not a failure, but may mean that there could be performance gains if more memory were available.
2020-02-23 10:41:19.991055: I tensorflow/core/platform/cpu_feature_guard.cc:141] Your CPU supports instructions that this TensorFlow binary was not compiled to use: SSE4.1 SSE4.2 AVX AVX2 FMA
2020-02-23 10:41:20.107711: I tensorflow/core/common_runtime/gpu/gpu_device.cc:1432] Found device 0 with properties: 
name: GeForce GTX 1080 Ti major: 6 minor: 1 memoryClockRate(GHz): 1.6325
pciBusID: 0000:81:00.0
totalMemory: 10.91GiB freeMemory: 6.09GiB
2020-02-23 10:41:20.107793: I tensorflow/core/common_runtime/gpu/gpu_device.cc:1511] Adding visible gpu devices: 0
2020-02-23 10:41:20.580079: I tensorflow/core/common_runtime/gpu/gpu_device.cc:982] Device interconnect StreamExecutor with strength 1 edge matrix:
2020-02-23 10:41:20.580159: I tensorflow/core/common_runtime/gpu/gpu_device.cc:988]      0 
2020-02-23 10:41:20.580172: I tensorflow/core/common_runtime/gpu/gpu_device.cc:1001] 0:   N 
2020-02-23 10:41:20.580259: I tensorflow/core/common_runtime/gpu/gpu_device.cc:1115] Created TensorFlow device (/job:localhost/replica:0/task:0/device:GPU:0 with 1117 MB memory) -> physical GPU (device: 0, name: GeForce GTX 1080 Ti, pci bus id: 0000:81:00.0, compute capability: 6.1)
2020-02-23 10:41:34.713988: W tensorflow/core/common_runtime/bfc_allocator.cc:211] Allocator (GPU_0_bfc) ran out of memory trying to allocate 1.02GiB. The caller indicates that this is not a failure, but may mean that there could be performance gains if more memory were available.
2020-02-23 10:41:34.732460: W tensorflow/core/common_runtime/bfc_allocator.cc:211] Allocator (GPU_0_bfc) ran out of memory trying to allocate 1.02GiB. The caller indicates that this is not a failure, but may mean that there could be performance gains if more memory were available.
2020-02-23 10:41:34.748452: W tensorflow/core/common_runtime/bfc_allocator.cc:211] Allocator (GPU_0_bfc) ran out of memory trying to allocate 1.04GiB. The caller indicates that this is not a failure, but may mean that there could be performance gains if more memory were available.
2020-02-23 10:41:34.767351: W tensorflow/core/common_runtime/bfc_allocator.cc:211] Allocator (GPU_0_bfc) ran out of memory trying to allocate 1.07GiB. The caller indicates that this is not a failure, but may mean that there could be performance gains if more memory were available.
2020-02-23 10:41:34.778185: W tensorflow/core/common_runtime/bfc_allocator.cc:211] Allocator (GPU_0_bfc) ran out of memory trying to allocate 2.13GiB. The caller indicates that this is not a failure, but may mean that there could be performance gains if more memory were available.
2020-02-23 10:41:34.781194: W tensorflow/core/common_runtime/bfc_allocator.cc:211] Allocator (GPU_0_bfc) ran out of memory trying to allocate 1.14GiB. The caller indicates that this is not a failure, but may mean that there could be performance gains if more memory were available.
2020-02-23 10:41:34.781635: W tensorflow/core/common_runtime/bfc_allocator.cc:211] Allocator (GPU_0_bfc) ran out of memory trying to allocate 2.13GiB. The caller indicates that this is not a failure, but may mean that there could be performance gains if more memory were available.
2020-02-23 10:41:43.291116: I tensorflow/core/platform/cpu_feature_guard.cc:141] Your CPU supports instructions that this TensorFlow binary was not compiled to use: SSE4.1 SSE4.2 AVX AVX2 FMA
2020-02-23 10:41:43.394426: I tensorflow/core/common_runtime/gpu/gpu_device.cc:1432] Found device 0 with properties: 
name: GeForce GTX 1080 Ti major: 6 minor: 1 memoryClockRate(GHz): 1.6325
pciBusID: 0000:81:00.0
totalMemory: 10.91GiB freeMemory: 6.09GiB
2020-02-23 10:41:43.394505: I tensorflow/core/common_runtime/gpu/gpu_device.cc:1511] Adding visible gpu devices: 0
2020-02-23 10:41:43.815810: I tensorflow/core/common_runtime/gpu/gpu_device.cc:982] Device interconnect StreamExecutor with strength 1 edge matrix:
2020-02-23 10:41:43.815894: I tensorflow/core/common_runtime/gpu/gpu_device.cc:988]      0 
2020-02-23 10:41:43.815908: I tensorflow/core/common_runtime/gpu/gpu_device.cc:1001] 0:   N 
2020-02-23 10:41:43.816009: I tensorflow/core/common_runtime/gpu/gpu_device.cc:1115] Created TensorFlow device (/job:localhost/replica:0/task:0/device:GPU:0 with 1117 MB memory) -> physical GPU (device: 0, name: GeForce GTX 1080 Ti, pci bus id: 0000:81:00.0, compute capability: 6.1)
2020-02-23 10:41:57.935557: W tensorflow/core/common_runtime/bfc_allocator.cc:211] Allocator (GPU_0_bfc) ran out of memory trying to allocate 1.02GiB. The caller indicates that this is not a failure, but may mean that there could be performance gains if more memory were available.
2020-02-23 10:41:57.955067: W tensorflow/core/common_runtime/bfc_allocator.cc:211] Allocator (GPU_0_bfc) ran out of memory trying to allocate 1.02GiB. The caller indicates that this is not a failure, but may mean that there could be performance gains if more memory were available.
2020-02-23 10:41:57.972185: W tensorflow/core/common_runtime/bfc_allocator.cc:211] Allocator (GPU_0_bfc) ran out of memory trying to allocate 1.04GiB. The caller indicates that this is not a failure, but may mean that there could be performance gains if more memory were available.
2020-02-23 10:41:57.992460: W tensorflow/core/common_runtime/bfc_allocator.cc:211] Allocator (GPU_0_bfc) ran out of memory trying to allocate 1.07GiB. The caller indicates that this is not a failure, but may mean that there could be performance gains if more memory were available.
2020-02-23 10:41:58.003866: W tensorflow/core/common_runtime/bfc_allocator.cc:211] Allocator (GPU_0_bfc) ran out of memory trying to allocate 2.13GiB. The caller indicates that this is not a failure, but may mean that there could be performance gains if more memory were available.
2020-02-23 10:41:58.007074: W tensorflow/core/common_runtime/bfc_allocator.cc:211] Allocator (GPU_0_bfc) ran out of memory trying to allocate 1.14GiB. The caller indicates that this is not a failure, but may mean that there could be performance gains if more memory were available.
2020-02-23 10:41:58.007514: W tensorflow/core/common_runtime/bfc_allocator.cc:211] Allocator (GPU_0_bfc) ran out of memory trying to allocate 2.13GiB. The caller indicates that this is not a failure, but may mean that there could be performance gains if more memory were available.
2020-02-23 10:42:14.777144: I tensorflow/core/platform/cpu_feature_guard.cc:141] Your CPU supports instructions that this TensorFlow binary was not compiled to use: SSE4.1 SSE4.2 AVX AVX2 FMA
2020-02-23 10:42:14.890380: I tensorflow/core/common_runtime/gpu/gpu_device.cc:1432] Found device 0 with properties: 
name: GeForce GTX 1080 Ti major: 6 minor: 1 memoryClockRate(GHz): 1.6325
pciBusID: 0000:81:00.0
totalMemory: 10.91GiB freeMemory: 6.10GiB
2020-02-23 10:42:14.890454: I tensorflow/core/common_runtime/gpu/gpu_device.cc:1511] Adding visible gpu devices: 0
2020-02-23 10:42:15.344367: I tensorflow/core/common_runtime/gpu/gpu_device.cc:982] Device interconnect StreamExecutor with strength 1 edge matrix:
2020-02-23 10:42:15.344451: I tensorflow/core/common_runtime/gpu/gpu_device.cc:988]      0 
2020-02-23 10:42:15.344463: I tensorflow/core/common_runtime/gpu/gpu_device.cc:1001] 0:   N 
2020-02-23 10:42:15.344790: I tensorflow/core/common_runtime/gpu/gpu_device.cc:1115] Created TensorFlow device (/job:localhost/replica:0/task:0/device:GPU:0 with 1117 MB memory) -> physical GPU (device: 0, name: GeForce GTX 1080 Ti, pci bus id: 0000:81:00.0, compute capability: 6.1)
2020-02-23 10:42:28.443683: W tensorflow/core/common_runtime/bfc_allocator.cc:211] Allocator (GPU_0_bfc) ran out of memory trying to allocate 1.02GiB. The caller indicates that this is not a failure, but may mean that there could be performance gains if more memory were available.
2020-02-23 10:42:28.463265: W tensorflow/core/common_runtime/bfc_allocator.cc:211] Allocator (GPU_0_bfc) ran out of memory trying to allocate 1.02GiB. The caller indicates that this is not a failure, but may mean that there could be performance gains if more memory were available.
2020-02-23 10:42:28.480404: W tensorflow/core/common_runtime/bfc_allocator.cc:211] Allocator (GPU_0_bfc) ran out of memory trying to allocate 1.04GiB. The caller indicates that this is not a failure, but may mean that there could be performance gains if more memory were available.
2020-02-23 10:42:28.500628: W tensorflow/core/common_runtime/bfc_allocator.cc:211] Allocator (GPU_0_bfc) ran out of memory trying to allocate 1.07GiB. The caller indicates that this is not a failure, but may mean that there could be performance gains if more memory were available.
2020-02-23 10:42:28.512086: W tensorflow/core/common_runtime/bfc_allocator.cc:211] Allocator (GPU_0_bfc) ran out of memory trying to allocate 2.13GiB. The caller indicates that this is not a failure, but may mean that there could be performance gains if more memory were available.
2020-02-23 10:42:28.515297: W tensorflow/core/common_runtime/bfc_allocator.cc:211] Allocator (GPU_0_bfc) ran out of memory trying to allocate 1.14GiB. The caller indicates that this is not a failure, but may mean that there could be performance gains if more memory were available.
2020-02-23 10:42:28.515745: W tensorflow/core/common_runtime/bfc_allocator.cc:211] Allocator (GPU_0_bfc) ran out of memory trying to allocate 2.13GiB. The caller indicates that this is not a failure, but may mean that there could be performance gains if more memory were available.
